This file contains any messages produced by compilers while
running configure, to aid debugging if configure makes a mistake.

It was created by configure, which was
generated by GNU Autoconf 2.59.  Invocation command line was

  $ ./configure --prefix=/usr/local --prefix=/usr/local --cache-file=/dev/null --srcdir=. --cache-file=/dev/null --srcdir=.

## --------- ##
## Platform. ##
## --------- ##

hostname = mirpv
uname -m = x86_64
uname -r = 5.4.0-84-generic
uname -s = Linux
uname -v = #94~18.04.1-Ubuntu SMP Thu Aug 26 23:17:46 UTC 2021

/usr/bin/uname -p = unknown
/bin/uname -X     = unknown

/bin/arch              = unknown
/usr/bin/arch -k       = unknown
/usr/convex/getsysinfo = unknown
hostinfo               = unknown
/bin/machine           = unknown
/usr/bin/oslevel       = unknown
/bin/universe          = unknown

PATH: /usr/local/sbin
PATH: /usr/local/bin
PATH: /usr/sbin
PATH: /usr/bin
PATH: /sbin
PATH: /bin
PATH: /usr/games
PATH: /usr/local/games
PATH: /snap/bin


## ----------- ##
## Core tests. ##
## ----------- ##

configure:1349: checking build system type
configure:1367: result: x86_64-unknown-linux-gnu
configure:1375: checking host system type
configure:1389: result: x86_64-unknown-linux-gnu
configure:1487: checking for gcc
configure:1503: found /usr/bin/gcc
configure:1513: result: gcc
configure:1757: checking for C compiler version
configure:1760: gcc --version </dev/null >&5
gcc (Ubuntu 7.5.0-3ubuntu1~18.04) 7.5.0
Copyright (C) 2017 Free Software Foundation, Inc.
This is free software; see the source for copying conditions.  There is NO
warranty; not even for MERCHANTABILITY or FITNESS FOR A PARTICULAR PURPOSE.

configure:1763: $? = 0
configure:1765: gcc -v </dev/null >&5
Using built-in specs.
COLLECT_GCC=gcc
COLLECT_LTO_WRAPPER=/usr/lib/gcc/x86_64-linux-gnu/7/lto-wrapper
OFFLOAD_TARGET_NAMES=nvptx-none
OFFLOAD_TARGET_DEFAULT=1
Target: x86_64-linux-gnu
Configured with: ../src/configure -v --with-pkgversion='Ubuntu 7.5.0-3ubuntu1~18.04' --with-bugurl=file:///usr/share/doc/gcc-7/README.Bugs --enable-languages=c,ada,c++,go,brig,d,fortran,objc,obj-c++ --prefix=/usr --with-gcc-major-version-only --program-suffix=-7 --program-prefix=x86_64-linux-gnu- --enable-shared --enable-linker-build-id --libexecdir=/usr/lib --without-included-gettext --enable-threads=posix --libdir=/usr/lib --enable-nls --enable-bootstrap --enable-clocale=gnu --enable-libstdcxx-debug --enable-libstdcxx-time=yes --with-default-libstdcxx-abi=new --enable-gnu-unique-object --disable-vtable-verify --enable-libmpx --enable-plugin --enable-default-pie --with-system-zlib --with-target-system-zlib --enable-objc-gc=auto --enable-multiarch --disable-werror --with-arch-32=i686 --with-abi=m64 --with-multilib-list=m32,m64,mx32 --enable-multilib --with-tune=generic --enable-offload-targets=nvptx-none --without-cuda-driver --enable-checking=release --build=x86_64-linux-gnu --host=x86_64-linux-gnu --target=x86_64-linux-gnu
Thread model: posix
gcc version 7.5.0 (Ubuntu 7.5.0-3ubuntu1~18.04) 
configure:1768: $? = 0
configure:1770: gcc -V </dev/null >&5
gcc: error: unrecognized command line option '-V'
gcc: fatal error: no input files
compilation terminated.
configure:1773: $? = 1
configure:1796: checking for C compiler default output file name
configure:1799: gcc    conftest.c  >&5
configure:1802: $? = 0
configure:1848: result: a.out
configure:1853: checking whether the C compiler works
configure:1859: ./a.out
configure:1862: $? = 0
configure:1879: result: yes
configure:1886: checking whether we are cross compiling
configure:1888: result: no
configure:1891: checking for suffix of executables
configure:1893: gcc -o conftest    conftest.c  >&5
configure:1896: $? = 0
configure:1921: result: 
configure:1927: checking for suffix of object files
configure:1948: gcc -c   conftest.c >&5
configure:1951: $? = 0
configure:1973: result: o
configure:1977: checking whether we are using the GNU C compiler
configure:2001: gcc -c   conftest.c >&5
configure:2007: $? = 0
configure:2011: test -z 
			 || test ! -s conftest.err
configure:2014: $? = 0
configure:2017: test -s conftest.o
configure:2020: $? = 0
configure:2033: result: yes
configure:2039: checking whether gcc accepts -g
configure:2060: gcc -c -g  conftest.c >&5
configure:2066: $? = 0
configure:2070: test -z 
			 || test ! -s conftest.err
configure:2073: $? = 0
configure:2076: test -s conftest.o
configure:2079: $? = 0
configure:2090: result: yes
configure:2107: checking for gcc option to accept ANSI C
configure:2177: gcc  -c -g -O2  conftest.c >&5
configure:2183: $? = 0
configure:2187: test -z 
			 || test ! -s conftest.err
configure:2190: $? = 0
configure:2193: test -s conftest.o
configure:2196: $? = 0
configure:2214: result: none needed
configure:2232: gcc -c -g -O2  conftest.c >&5
conftest.c:2:3: error: unknown type name 'choke'
   choke me
   ^~~~~
conftest.c:2:3: error: expected '=', ',', ';', 'asm' or '__attribute__' at end of input
configure:2238: $? = 1
configure: failed program was:
| #ifndef __cplusplus
|   choke me
| #endif
configure:2376: checking how to run the C preprocessor
configure:2411: gcc -E  conftest.c
configure:2417: $? = 0
configure:2449: gcc -E  conftest.c
conftest.c:10:10: fatal error: ac_nonexistent.h: No such file or directory
 #include <ac_nonexistent.h>
          ^~~~~~~~~~~~~~~~~~
compilation terminated.
configure:2455: $? = 1
configure: failed program was:
| /* confdefs.h.  */
| 
| #define PACKAGE_NAME ""
| #define PACKAGE_TARNAME ""
| #define PACKAGE_VERSION ""
| #define PACKAGE_STRING ""
| #define PACKAGE_BUGREPORT ""
| #define LINUX 1
| /* end confdefs.h.  */
| #include <ac_nonexistent.h>
configure:2494: result: gcc -E
configure:2518: gcc -E  conftest.c
configure:2524: $? = 0
configure:2556: gcc -E  conftest.c
conftest.c:10:10: fatal error: ac_nonexistent.h: No such file or directory
 #include <ac_nonexistent.h>
          ^~~~~~~~~~~~~~~~~~
compilation terminated.
configure:2562: $? = 1
configure: failed program was:
| /* confdefs.h.  */
| 
| #define PACKAGE_NAME ""
| #define PACKAGE_TARNAME ""
| #define PACKAGE_VERSION ""
| #define PACKAGE_STRING ""
| #define PACKAGE_BUGREPORT ""
| #define LINUX 1
| /* end confdefs.h.  */
| #include <ac_nonexistent.h>
configure:2657: checking for g++
configure:2673: found /usr/bin/g++
configure:2683: result: g++
configure:2699: checking for C++ compiler version
configure:2702: g++ --version </dev/null >&5
g++ (Ubuntu 7.5.0-3ubuntu1~18.04) 7.5.0
Copyright (C) 2017 Free Software Foundation, Inc.
This is free software; see the source for copying conditions.  There is NO
warranty; not even for MERCHANTABILITY or FITNESS FOR A PARTICULAR PURPOSE.

configure:2705: $? = 0
configure:2707: g++ -v </dev/null >&5
Using built-in specs.
COLLECT_GCC=g++
COLLECT_LTO_WRAPPER=/usr/lib/gcc/x86_64-linux-gnu/7/lto-wrapper
OFFLOAD_TARGET_NAMES=nvptx-none
OFFLOAD_TARGET_DEFAULT=1
Target: x86_64-linux-gnu
Configured with: ../src/configure -v --with-pkgversion='Ubuntu 7.5.0-3ubuntu1~18.04' --with-bugurl=file:///usr/share/doc/gcc-7/README.Bugs --enable-languages=c,ada,c++,go,brig,d,fortran,objc,obj-c++ --prefix=/usr --with-gcc-major-version-only --program-suffix=-7 --program-prefix=x86_64-linux-gnu- --enable-shared --enable-linker-build-id --libexecdir=/usr/lib --without-included-gettext --enable-threads=posix --libdir=/usr/lib --enable-nls --enable-bootstrap --enable-clocale=gnu --enable-libstdcxx-debug --enable-libstdcxx-time=yes --with-default-libstdcxx-abi=new --enable-gnu-unique-object --disable-vtable-verify --enable-libmpx --enable-plugin --enable-default-pie --with-system-zlib --with-target-system-zlib --enable-objc-gc=auto --enable-multiarch --disable-werror --with-arch-32=i686 --with-abi=m64 --with-multilib-list=m32,m64,mx32 --enable-multilib --with-tune=generic --enable-offload-targets=nvptx-none --without-cuda-driver --enable-checking=release --build=x86_64-linux-gnu --host=x86_64-linux-gnu --target=x86_64-linux-gnu
Thread model: posix
gcc version 7.5.0 (Ubuntu 7.5.0-3ubuntu1~18.04) 
configure:2710: $? = 0
configure:2712: g++ -V </dev/null >&5
g++: error: unrecognized command line option '-V'
g++: fatal error: no input files
compilation terminated.
configure:2715: $? = 1
configure:2718: checking whether we are using the GNU C++ compiler
configure:2742: g++ -c   conftest.cc >&5
configure:2748: $? = 0
configure:2752: test -z 
			 || test ! -s conftest.err
configure:2755: $? = 0
configure:2758: test -s conftest.o
configure:2761: $? = 0
configure:2774: result: yes
configure:2780: checking whether g++ accepts -g
configure:2801: g++ -c -g  conftest.cc >&5
configure:2807: $? = 0
configure:2811: test -z 
			 || test ! -s conftest.err
configure:2814: $? = 0
configure:2817: test -s conftest.o
configure:2820: $? = 0
configure:2831: result: yes
configure:2873: g++ -c -g -O2  conftest.cc >&5
configure:2879: $? = 0
configure:2883: test -z 
			 || test ! -s conftest.err
configure:2886: $? = 0
configure:2889: test -s conftest.o
configure:2892: $? = 0
configure:2918: g++ -c -g -O2  conftest.cc >&5
conftest.cc: In function 'int main()':
conftest.cc:14:1: error: 'exit' was not declared in this scope
 exit (42);
 ^~~~
configure:2924: $? = 1
configure: failed program was:
| /* confdefs.h.  */
| 
| #define PACKAGE_NAME ""
| #define PACKAGE_TARNAME ""
| #define PACKAGE_VERSION ""
| #define PACKAGE_STRING ""
| #define PACKAGE_BUGREPORT ""
| #define LINUX 1
| /* end confdefs.h.  */
| 
| int
| main ()
| {
| exit (42);
|   ;
|   return 0;
| }
configure:2873: g++ -c -g -O2  conftest.cc >&5
configure:2879: $? = 0
configure:2883: test -z 
			 || test ! -s conftest.err
configure:2886: $? = 0
configure:2889: test -s conftest.o
configure:2892: $? = 0
configure:2918: g++ -c -g -O2  conftest.cc >&5
configure:2924: $? = 0
configure:2928: test -z 
			 || test ! -s conftest.err
configure:2931: $? = 0
configure:2934: test -s conftest.o
configure:2937: $? = 0
configure:3001: checking for ranlib
configure:3017: found /usr/bin/ranlib
configure:3028: result: ranlib
configure:3053: checking for a BSD-compatible install
configure:3108: result: /usr/bin/install -c
configure:3121: checking for find
configure:3137: found /usr/bin/find
configure:3148: result: find
configure:3157: checking for makedepend
configure:3184: result: :
configure:3192: checking for dlopen in -ldl
configure:3222: gcc -o conftest -g -O2   conftest.c -ldl   >&5
configure:3228: $? = 0
configure:3232: test -z 
			 || test ! -s conftest.err
configure:3235: $? = 0
configure:3238: test -s conftest
configure:3241: $? = 0
configure:3254: result: yes
configure:3269: checking for X
configure:3374: gcc -E  conftest.c
conftest.c:13:10: fatal error: X11/Intrinsic.h: No such file or directory
 #include <X11/Intrinsic.h>
          ^~~~~~~~~~~~~~~~~
compilation terminated.
configure:3380: $? = 1
configure: failed program was:
| /* confdefs.h.  */
| 
| #define PACKAGE_NAME ""
| #define PACKAGE_TARNAME ""
| #define PACKAGE_VERSION ""
| #define PACKAGE_STRING ""
| #define PACKAGE_BUGREPORT ""
| #define LINUX 1
| #ifdef __cplusplus
| extern "C" void std::exit (int) throw (); using std::exit;
| #endif
| /* end confdefs.h.  */
| #include <X11/Intrinsic.h>
configure:3430: gcc -o conftest -g -O2   conftest.c -lXt  >&5
conftest.c:13:10: fatal error: X11/Intrinsic.h: No such file or directory
 #include <X11/Intrinsic.h>
          ^~~~~~~~~~~~~~~~~
compilation terminated.
configure:3436: $? = 1
configure: failed program was:
| /* confdefs.h.  */
| 
| #define PACKAGE_NAME ""
| #define PACKAGE_TARNAME ""
| #define PACKAGE_VERSION ""
| #define PACKAGE_STRING ""
| #define PACKAGE_BUGREPORT ""
| #define LINUX 1
| #ifdef __cplusplus
| extern "C" void std::exit (int) throw (); using std::exit;
| #endif
| /* end confdefs.h.  */
| #include <X11/Intrinsic.h>
| int
| main ()
| {
| XtMalloc (0)
|   ;
|   return 0;
| }
configure:3489: result: no
configure:4671: checking for main in -lm
configure:4695: gcc -o conftest -g -O2  -I/usr/local/include    -L/usr/local/lib conftest.c -lm   >&5
configure:4701: $? = 0
configure:4705: test -z 
			 || test ! -s conftest.err
configure:4708: $? = 0
configure:4711: test -s conftest
configure:4714: $? = 0
configure:4727: result: yes
configure:4741: checking for main in -lX11
configure:4765: gcc -o conftest -g -O2  -I/usr/local/include    -L/usr/local/lib -lm conftest.c -lX11   >&5
/usr/bin/ld: cannot find -lX11
collect2: error: ld returned 1 exit status
configure:4771: $? = 1
configure: failed program was:
| /* confdefs.h.  */
| 
| #define PACKAGE_NAME ""
| #define PACKAGE_TARNAME ""
| #define PACKAGE_VERSION ""
| #define PACKAGE_STRING ""
| #define PACKAGE_BUGREPORT ""
| #define LINUX 1
| #ifdef __cplusplus
| extern "C" void std::exit (int) throw (); using std::exit;
| #endif
| #define X_DISPLAY_MISSING 1
| #define DO_PS 1
| #define DO_FIG 1
| /* end confdefs.h.  */
| 
| 
| int
| main ()
| {
| main ();
|   ;
|   return 0;
| }
configure:4797: result: no
configure:4806: checking for main in -lgd
configure:4830: gcc -o conftest -g -O2  -I/usr/local/include    -L/usr/local/lib -lm conftest.c -lgd   >&5
/usr/bin/ld: cannot find -lgd
collect2: error: ld returned 1 exit status
configure:4836: $? = 1
configure: failed program was:
| /* confdefs.h.  */
| 
| #define PACKAGE_NAME ""
| #define PACKAGE_TARNAME ""
| #define PACKAGE_VERSION ""
| #define PACKAGE_STRING ""
| #define PACKAGE_BUGREPORT ""
| #define LINUX 1
| #ifdef __cplusplus
| extern "C" void std::exit (int) throw (); using std::exit;
| #endif
| #define X_DISPLAY_MISSING 1
| #define DO_PS 1
| #define DO_FIG 1
| /* end confdefs.h.  */
| 
| 
| int
| main ()
| {
| main ();
|   ;
|   return 0;
| }
configure:4862: result: no
configure:5225: checking for egrep
configure:5235: result: grep -E
configure:5240: checking for ANSI C header files
configure:5265: gcc -c -g -O2  -I/usr/local/include  conftest.c >&5
configure:5271: $? = 0
configure:5275: test -z 
			 || test ! -s conftest.err
configure:5278: $? = 0
configure:5281: test -s conftest.o
configure:5284: $? = 0
configure:5373: gcc -o conftest -g -O2  -I/usr/local/include    -L/usr/local/lib -lm conftest.c  >&5
conftest.c: In function 'main':
conftest.c:33:7: warning: implicit declaration of function 'exit' [-Wimplicit-function-declaration]
       exit(2);
       ^~~~
conftest.c:33:7: warning: incompatible implicit declaration of built-in function 'exit'
conftest.c:33:7: note: include '<stdlib.h>' or provide a declaration of 'exit'
conftest.c:34:3: warning: incompatible implicit declaration of built-in function 'exit'
   exit (0);
   ^~~~
conftest.c:34:3: note: include '<stdlib.h>' or provide a declaration of 'exit'
configure:5376: $? = 0
configure:5378: ./conftest
configure:5381: $? = 0
configure:5396: result: yes
configure:5420: checking for sys/types.h
configure:5436: gcc -c -g -O2  -I/usr/local/include  conftest.c >&5
configure:5442: $? = 0
configure:5446: test -z 
			 || test ! -s conftest.err
configure:5449: $? = 0
configure:5452: test -s conftest.o
configure:5455: $? = 0
configure:5466: result: yes
configure:5420: checking for sys/stat.h
configure:5436: gcc -c -g -O2  -I/usr/local/include  conftest.c >&5
configure:5442: $? = 0
configure:5446: test -z 
			 || test ! -s conftest.err
configure:5449: $? = 0
configure:5452: test -s conftest.o
configure:5455: $? = 0
configure:5466: result: yes
configure:5420: checking for stdlib.h
configure:5436: gcc -c -g -O2  -I/usr/local/include  conftest.c >&5
configure:5442: $? = 0
configure:5446: test -z 
			 || test ! -s conftest.err
configure:5449: $? = 0
configure:5452: test -s conftest.o
configure:5455: $? = 0
configure:5466: result: yes
configure:5420: checking for string.h
configure:5436: gcc -c -g -O2  -I/usr/local/include  conftest.c >&5
configure:5442: $? = 0
configure:5446: test -z 
			 || test ! -s conftest.err
configure:5449: $? = 0
configure:5452: test -s conftest.o
configure:5455: $? = 0
configure:5466: result: yes
configure:5420: checking for memory.h
configure:5436: gcc -c -g -O2  -I/usr/local/include  conftest.c >&5
configure:5442: $? = 0
configure:5446: test -z 
			 || test ! -s conftest.err
configure:5449: $? = 0
configure:5452: test -s conftest.o
configure:5455: $? = 0
configure:5466: result: yes
configure:5420: checking for strings.h
configure:5436: gcc -c -g -O2  -I/usr/local/include  conftest.c >&5
configure:5442: $? = 0
configure:5446: test -z 
			 || test ! -s conftest.err
configure:5449: $? = 0
configure:5452: test -s conftest.o
configure:5455: $? = 0
configure:5466: result: yes
configure:5420: checking for inttypes.h
configure:5436: gcc -c -g -O2  -I/usr/local/include  conftest.c >&5
configure:5442: $? = 0
configure:5446: test -z 
			 || test ! -s conftest.err
configure:5449: $? = 0
configure:5452: test -s conftest.o
configure:5455: $? = 0
configure:5466: result: yes
configure:5420: checking for stdint.h
configure:5436: gcc -c -g -O2  -I/usr/local/include  conftest.c >&5
configure:5442: $? = 0
configure:5446: test -z 
			 || test ! -s conftest.err
configure:5449: $? = 0
configure:5452: test -s conftest.o
configure:5455: $? = 0
configure:5466: result: yes
configure:5420: checking for unistd.h
configure:5436: gcc -c -g -O2  -I/usr/local/include  conftest.c >&5
configure:5442: $? = 0
configure:5446: test -z 
			 || test ! -s conftest.err
configure:5449: $? = 0
configure:5452: test -s conftest.o
configure:5455: $? = 0
configure:5466: result: yes
configure:5492: checking limits.h usability
configure:5504: gcc -c -g -O2  -I/usr/local/include  conftest.c >&5
configure:5510: $? = 0
configure:5514: test -z 
			 || test ! -s conftest.err
configure:5517: $? = 0
configure:5520: test -s conftest.o
configure:5523: $? = 0
configure:5533: result: yes
configure:5537: checking limits.h presence
configure:5547: gcc -E  conftest.c
configure:5553: $? = 0
configure:5573: result: yes
configure:5608: checking for limits.h
configure:5615: result: yes
configure:5762: creating ./config.status

## ---------------------- ##
## Running config.status. ##
## ---------------------- ##

This file was extended by config.status, which was
generated by GNU Autoconf 2.59.  Invocation command line was

  CONFIG_FILES    = 
  CONFIG_HEADERS  = 
  CONFIG_LINKS    = 
  CONFIG_COMMANDS = 
  $ ./config.status 

on mirpv

config.status:671: creating Makefile
config.status:671: creating demo/Makefile
config.status:671: creating g2_perl/Makefile.PL

## ---------------- ##
## Cache variables. ##
## ---------------- ##

ac_cv_build=x86_64-unknown-linux-gnu
ac_cv_build_alias=x86_64-unknown-linux-gnu
ac_cv_c_compiler_gnu=yes
ac_cv_cxx_compiler_gnu=yes
ac_cv_env_CC_set=
ac_cv_env_CC_value=
ac_cv_env_CFLAGS_set=
ac_cv_env_CFLAGS_value=
ac_cv_env_CPPFLAGS_set=
ac_cv_env_CPPFLAGS_value=
ac_cv_env_CPP_set=
ac_cv_env_CPP_value=
ac_cv_env_CXXFLAGS_set=
ac_cv_env_CXXFLAGS_value=
ac_cv_env_CXX_set=
ac_cv_env_CXX_value=
ac_cv_env_LDFLAGS_set=
ac_cv_env_LDFLAGS_value=
ac_cv_env_build_alias_set=
ac_cv_env_build_alias_value=
ac_cv_env_host_alias_set=
ac_cv_env_host_alias_value=
ac_cv_env_target_alias_set=
ac_cv_env_target_alias_value=
ac_cv_exeext=
ac_cv_have_x=have_x=no
ac_cv_header_inttypes_h=yes
ac_cv_header_limits_h=yes
ac_cv_header_memory_h=yes
ac_cv_header_stdc=yes
ac_cv_header_stdint_h=yes
ac_cv_header_stdlib_h=yes
ac_cv_header_string_h=yes
ac_cv_header_strings_h=yes
ac_cv_header_sys_stat_h=yes
ac_cv_header_sys_types_h=yes
ac_cv_header_unistd_h=yes
ac_cv_host=x86_64-unknown-linux-gnu
ac_cv_host_alias=x86_64-unknown-linux-gnu
ac_cv_lib_X11_main=no
ac_cv_lib_dl_dlopen=yes
ac_cv_lib_gd_main=no
ac_cv_lib_m_main=yes
ac_cv_objext=o
ac_cv_path_install='/usr/bin/install -c'
ac_cv_prog_CPP='gcc -E'
ac_cv_prog_FIND=find
ac_cv_prog_MAKEDEPEND=:
ac_cv_prog_ac_ct_CC=gcc
ac_cv_prog_ac_ct_CXX=g++
ac_cv_prog_ac_ct_RANLIB=ranlib
ac_cv_prog_cc_g=yes
ac_cv_prog_cc_stdc=
ac_cv_prog_cxx_g=yes
ac_cv_prog_egrep='grep -E'

## ----------------- ##
## Output variables. ##
## ----------------- ##

CC='gcc'
CFLAGS='-g -O2  -I/usr/local/include'
CPP='gcc -E'
CPPFLAGS=''
CXX='g++'
CXXFLAGS='-g -O2'
DEFS='-DPACKAGE_NAME=\"\" -DPACKAGE_TARNAME=\"\" -DPACKAGE_VERSION=\"\" -DPACKAGE_STRING=\"\" -DPACKAGE_BUGREPORT=\"\" -DLINUX=1 -DX_DISPLAY_MISSING=1 -DDO_PS=1 -DDO_FIG=1 -DSTDC_HEADERS=1 -DHAVE_SYS_TYPES_H=1 -DHAVE_SYS_STAT_H=1 -DHAVE_STDLIB_H=1 -DHAVE_STRING_H=1 -DHAVE_MEMORY_H=1 -DHAVE_STRINGS_H=1 -DHAVE_INTTYPES_H=1 -DHAVE_STDINT_H=1 -DHAVE_UNISTD_H=1 -DHAVE_LIMITS_H=1 '
DO_FIG=''
DO_GD='#'
DO_PS=''
DO_WIN32='#'
DO_X11='#'
ECHO_C=''
ECHO_N='-n'
ECHO_T=''
EGREP='grep -E'
EXEEXT=''
FIND='find'
INSTALL_DATA='${INSTALL} -m 644'
INSTALL_PROGRAM='${INSTALL}'
INSTALL_SCRIPT='${INSTALL}'
LDFLAGS='  -L/usr/local/lib -lm'
LD_SHARED='ld'
LD_SHARED_EXT='so.0.$(G2_VERSION)'
LD_SHARED_FLAGS='-shared -soname libg2.so.0'
LD_SHARED_OPT=''
LIBOBJS=''
LIBS=''
LTLIBOBJS=''
MAKEDEPEND=':'
OBJEXT='o'
PACKAGE_BUGREPORT=''
PACKAGE_NAME=''
PACKAGE_STRING=''
PACKAGE_TARNAME=''
PACKAGE_VERSION=''
PATH_SEPARATOR=':'
RANLIB='ranlib'
SHELL='/bin/bash'
X_CFLAGS=''
X_EXTRA_LIBS=''
X_LIBS=''
X_PRE_LIBS=''
ac_ct_CC='gcc'
ac_ct_CXX='g++'
ac_ct_RANLIB='ranlib'
bindir='${exec_prefix}/bin'
build='x86_64-unknown-linux-gnu'
build_alias=''
build_cpu='x86_64'
build_os='linux-gnu'
build_vendor='unknown'
datadir='${prefix}/share'
exec_prefix='${prefix}'
host='x86_64-unknown-linux-gnu'
host_alias=''
host_cpu='x86_64'
host_os='linux-gnu'
host_vendor='unknown'
includedir='${prefix}/include'
infodir='${prefix}/info'
libdir='${exec_prefix}/lib'
libexecdir='${exec_prefix}/libexec'
localstatedir='${prefix}/var'
mandir='${prefix}/man'
oldincludedir='/usr/include'
prefix='/usr/local'
program_transform_name='s,x,x,'
sbindir='${exec_prefix}/sbin'
sharedstatedir='${prefix}/com'
sysconfdir='${prefix}/etc'
target_alias=''

## ----------- ##
## confdefs.h. ##
## ----------- ##

#define DO_FIG 1
#define DO_PS 1
#define HAVE_INTTYPES_H 1
#define HAVE_LIMITS_H 1
#define HAVE_MEMORY_H 1
#define HAVE_STDINT_H 1
#define HAVE_STDLIB_H 1
#define HAVE_STRINGS_H 1
#define HAVE_STRING_H 1
#define HAVE_SYS_STAT_H 1
#define HAVE_SYS_TYPES_H 1
#define HAVE_UNISTD_H 1
#define LINUX 1
#define PACKAGE_BUGREPORT ""
#define PACKAGE_NAME ""
#define PACKAGE_STRING ""
#define PACKAGE_TARNAME ""
#define PACKAGE_VERSION ""
#define STDC_HEADERS 1
#define X_DISPLAY_MISSING 1
#endif
#ifdef __cplusplus
extern "C" void std::exit (int) throw (); using std::exit;

configure: exit 0
